<?xml version="1.0" encoding="UTF-8"?>
<!-- Generated by org.testng.reporters.JUnitReportReporter -->
<testsuite hostname="EMMANUEL-LAPTOP" failures="0" tests="5" name="com.amalitech.tests.CheckoutTest" time="14.335" errors="0" timestamp="2025-09-08T10:51:01 GMT" skipped="0">
  <testcase classname="com.amalitech.tests.CheckoutTest" name="testFillCheckoutInformation" time="4.820"/>
  <testcase classname="com.amalitech.tests.CheckoutTest" name="testShippingInformationScenarios" time="8.478"/>
  <testcase classname="com.amalitech.tests.CheckoutTest" name="testCheckoutInformationPageDisplay" time="0.349"/>
  <testcase classname="com.amalitech.tests.CheckoutTest" name="testCheckoutPageCompleteness" time="0.352"/>
  <testcase classname="com.amalitech.tests.CheckoutTest" name="testCheckoutFormValidation" time="0.336"/>
</testsuite> <!-- com.amalitech.tests.CheckoutTest -->
