<?xml version="1.0" encoding="UTF-8"?>
<!-- Generated by org.testng.reporters.JUnitReportReporter -->
<testsuite hostname="EMMANUEL-LAPTOP" failures="0" tests="1" name="com.amalitech.tests.EndToEndTest" time="43.839" errors="0" timestamp="2025-09-08T10:50:08 GMT" skipped="0">
  <testcase classname="com.amalitech.tests.EndToEndTest" name="testCompleteUserJourney" time="43.839"/>
</testsuite> <!-- com.amalitech.tests.EndToEndTest -->
